This is pdfTeX, Version 3.14159265-2.6-1.40.21 (MiKTeX 2.9.7400 64-bit) (preloaded format=pdflatex 2020.5.6)  8 JUN 2020 13:05
entering extended mode
**"e:/Work/ELEC40006/documents/Latex files/Completed/Report/ProjectGuidelines.tex"
("e:/Work/ELEC40006/documents/Latex files/Completed/Report/ProjectGuidelines.tex"
LaTeX2e <2020-02-02> patch level 5
L3 programming layer <2020-04-06> ("C:\Users\alw\AppData\Local\Programs\MiKTeX 2.9\tex/latex/base\article.cls"
Document Class: article 2019/12/20 v1.4l Standard LaTeX document class
("C:\Users\alw\AppData\Local\Programs\MiKTeX 2.9\tex/latex/base\size12.clo"
File: size12.clo 2019/12/20 v1.4l Standard LaTeX file (size option)
)
\c@part=\count167
\c@section=\count168
\c@subsection=\count169
\c@subsubsection=\count170
\c@paragraph=\count171
\c@subparagraph=\count172
\c@figure=\count173
\c@table=\count174
\abovecaptionskip=\skip47
\belowcaptionskip=\skip48
\bibindent=\dimen134
) ("C:\Users\alw\AppData\Local\Programs\MiKTeX 2.9\tex/latex/graphics\graphicx.sty"
Package: graphicx 2019/11/30 v1.2a Enhanced LaTeX Graphics (DPC,SPQR)
 ("C:\Users\alw\AppData\Local\Programs\MiKTeX 2.9\tex/latex/graphics\keyval.sty"
Package: keyval 2014/10/28 v1.15 key=value parser (DPC)
\KV@toks@=\toks15
) ("C:\Users\alw\AppData\Local\Programs\MiKTeX 2.9\tex/latex/graphics\graphics.sty"
Package: graphics 2019/11/30 v1.4a Standard LaTeX Graphics (DPC,SPQR)
 ("C:\Users\alw\AppData\Local\Programs\MiKTeX 2.9\tex/latex/graphics\trig.sty"
Package: trig 2016/01/03 v1.10 sin cos tan (DPC)
) ("C:\Users\alw\AppData\Local\Programs\MiKTeX 2.9\tex/latex/graphics-cfg\graphics.cfg"
File: graphics.cfg 2016/06/04 v1.11 sample graphics configuration
)
Package graphics Info: Driver file: pdftex.def on input line 105.
 ("C:\Users\alw\AppData\Local\Programs\MiKTeX 2.9\tex/latex/graphics-def\pdftex.def"
File: pdftex.def 2018/01/08 v1.0l Graphics/color driver for pdftex
))
\Gin@req@height=\dimen135
\Gin@req@width=\dimen136
) ("C:\Users\alw\AppData\Local\Programs\MiKTeX 2.9\tex/latex/biblatex\biblatex.sty"
Package: biblatex 2019/12/01 v3.14 programmable bibliographies (PK/MW)
 ("C:\Users\alw\AppData\Local\Programs\MiKTeX 2.9\tex/latex/pdftexcmds\pdftexcmds.sty"
Package: pdftexcmds 2019/11/24 v0.31 Utility functions of pdfTeX for LuaTeX (HO)
 ("C:\Users\alw\AppData\Local\Programs\MiKTeX 2.9\tex/generic/infwarerr\infwarerr.sty"
Package: infwarerr 2019/12/03 v1.5 Providing info/warning/error messages (HO)
) ("C:\Users\alw\AppData\Local\Programs\MiKTeX 2.9\tex/generic/iftex\iftex.sty"
Package: iftex 2020/03/06 v1.0d TeX engine tests
) ("C:\Users\alw\AppData\Local\Programs\MiKTeX 2.9\tex/generic/ltxcmds\ltxcmds.sty"
Package: ltxcmds 2019/12/15 v1.24 LaTeX kernel commands for general use (HO)
)
Package pdftexcmds Info: \pdf@primitive is available.
Package pdftexcmds Info: \pdf@ifprimitive is available.
Package pdftexcmds Info: \pdfdraftmode found.
) ("C:\Users\alw\AppData\Local\Programs\MiKTeX 2.9\tex/latex/etoolbox\etoolbox.sty"
Package: etoolbox 2019/09/21 v2.5h e-TeX tools for LaTeX (JAW)
\etb@tempcnta=\count175
) ("C:\Users\alw\AppData\Local\Programs\MiKTeX 2.9\tex/latex/kvoptions\kvoptions.sty"
Package: kvoptions 2019/11/29 v3.13 Key value format for package options (HO)
 ("C:\Users\alw\AppData\Local\Programs\MiKTeX 2.9\tex/generic/kvsetkeys\kvsetkeys.sty"
Package: kvsetkeys 2019/12/15 v1.18 Key value parser (HO)
)) ("C:\Users\alw\AppData\Local\Programs\MiKTeX 2.9\tex/latex/logreq\logreq.sty"
Package: logreq 2010/08/04 v1.0 xml request logger
\lrq@indent=\count176
 ("C:\Users\alw\AppData\Local\Programs\MiKTeX 2.9\tex/latex/logreq\logreq.def"
File: logreq.def 2010/08/04 v1.0 logreq spec v1.0
)) ("C:\Users\alw\AppData\Local\Programs\MiKTeX 2.9\tex/latex/base\ifthen.sty"
Package: ifthen 2014/09/29 v1.1c Standard LaTeX ifthen package (DPC)
) ("C:\Users\alw\AppData\Local\Programs\MiKTeX 2.9\tex/latex/url\url.sty"
\Urlmuskip=\muskip16
Package: url 2013/09/16  ver 3.4  Verb mode for urls, etc.
)
\c@tabx@nest=\count177
\c@listtotal=\count178
\c@listcount=\count179
\c@liststart=\count180
\c@liststop=\count181
\c@citecount=\count182
\c@citetotal=\count183
\c@multicitecount=\count184
\c@multicitetotal=\count185
\c@instcount=\count186
\c@maxnames=\count187
\c@minnames=\count188
\c@maxitems=\count189
\c@minitems=\count190
\c@citecounter=\count191
\c@maxcitecounter=\count192
\c@savedcitecounter=\count193
\c@uniquelist=\count194
\c@uniquename=\count195
\c@refsection=\count196
\c@refsegment=\count197
\c@maxextratitle=\count198
\c@maxextratitleyear=\count199
\c@maxextraname=\count266
\c@maxextradate=\count267
\c@maxextraalpha=\count268
\c@abbrvpenalty=\count269
\c@highnamepenalty=\count270
\c@lownamepenalty=\count271
\c@maxparens=\count272
\c@parenlevel=\count273
\blx@tempcnta=\count274
\blx@tempcntb=\count275
\blx@tempcntc=\count276
\blx@maxsection=\count277
\blx@maxsegment@0=\count278
\blx@notetype=\count279
\blx@parenlevel@text=\count280
\blx@parenlevel@foot=\count281
\blx@sectionciteorder@0=\count282
\blx@entrysetcounter=\count283
\labelnumberwidth=\skip49
\labelalphawidth=\skip50
\biblabelsep=\skip51
\bibitemsep=\skip52
\bibnamesep=\skip53
\bibinitsep=\skip54
\bibparsep=\skip55
\bibhang=\skip56
\blx@bcfin=\read2
\blx@bcfout=\write3
\blx@langwohyphens=\language78
\c@mincomprange=\count284
\c@maxcomprange=\count285
\c@mincompwidth=\count286
Package biblatex Info: Trying to load biblatex default data model...
Package biblatex Info: ... file 'blx-dm.def' found.
 ("C:\Users\alw\AppData\Local\Programs\MiKTeX 2.9\tex/latex/biblatex\blx-dm.def"
File: blx-dm.def 2019/12/01 v3.14 biblatex localization (PK/MW)
)
Package biblatex Info: Trying to load biblatex custom data model...
Package biblatex Info: ... file 'biblatex-dm.cfg' not found.
\c@afterword=\count287
\c@savedafterword=\count288
\c@annotator=\count289
\c@savedannotator=\count290
\c@author=\count291
\c@savedauthor=\count292
\c@bookauthor=\count293
\c@savedbookauthor=\count294
\c@commentator=\count295
\c@savedcommentator=\count296
\c@editor=\count297
\c@savededitor=\count298
\c@editora=\count299
\c@savededitora=\count300
\c@editorb=\count301
\c@savededitorb=\count302
\c@editorc=\count303
\c@savededitorc=\count304
\c@foreword=\count305
\c@savedforeword=\count306
\c@holder=\count307
\c@savedholder=\count308
\c@introduction=\count309
\c@savedintroduction=\count310
\c@namea=\count311
\c@savednamea=\count312
\c@nameb=\count313
\c@savednameb=\count314
\c@namec=\count315
\c@savednamec=\count316
\c@translator=\count317
\c@savedtranslator=\count318
\c@shortauthor=\count319
\c@savedshortauthor=\count320
\c@shorteditor=\count321
\c@savedshorteditor=\count322
\c@labelname=\count323
\c@savedlabelname=\count324
\c@institution=\count325
\c@savedinstitution=\count326
\c@lista=\count327
\c@savedlista=\count328
\c@listb=\count329
\c@savedlistb=\count330
\c@listc=\count331
\c@savedlistc=\count332
\c@listd=\count333
\c@savedlistd=\count334
\c@liste=\count335
\c@savedliste=\count336
\c@listf=\count337
\c@savedlistf=\count338
\c@location=\count339
\c@savedlocation=\count340
\c@organization=\count341
\c@savedorganization=\count342
\c@origlocation=\count343
\c@savedoriglocation=\count344
\c@origpublisher=\count345
\c@savedorigpublisher=\count346
\c@publisher=\count347
\c@savedpublisher=\count348
\c@language=\count349
\c@savedlanguage=\count350
\c@origlanguage=\count351
\c@savedoriglanguage=\count352
\c@pageref=\count353
\c@savedpageref=\count354
\shorthandwidth=\skip57
\shortjournalwidth=\skip58
\shortserieswidth=\skip59
\shorttitlewidth=\skip60
\shortauthorwidth=\skip61
\shorteditorwidth=\skip62
\locallabelnumberwidth=\skip63
\locallabelalphawidth=\skip64
\localshorthandwidth=\skip65
\localshortjournalwidth=\skip66
\localshortserieswidth=\skip67
\localshorttitlewidth=\skip68
\localshortauthorwidth=\skip69
\localshorteditorwidth=\skip70
Package biblatex Info: Trying to load compatibility code...
Package biblatex Info: ... file 'blx-compat.def' found.
 ("C:\Users\alw\AppData\Local\Programs\MiKTeX 2.9\tex/latex/biblatex\blx-compat.def"
File: blx-compat.def 2019/12/01 v3.14 biblatex compatibility (PK/MW)
)
Package biblatex Info: Trying to load generic definitions...
Package biblatex Info: ... file 'biblatex.def' found.
 ("C:\Users\alw\AppData\Local\Programs\MiKTeX 2.9\tex/latex/biblatex\biblatex.def"
File: biblatex.def 2019/12/01 v3.14 biblatex compatibility (PK/MW)
\c@textcitecount=\count355
\c@textcitetotal=\count356
\c@textcitemaxnames=\count357
\c@biburlbigbreakpenalty=\count358
\c@biburlbreakpenalty=\count359
\c@biburlnumpenalty=\count360
\c@biburlucpenalty=\count361
\c@biburllcpenalty=\count362
\biburlbigskip=\muskip17
\biburlnumskip=\muskip18
\biburlucskip=\muskip19
\biburllcskip=\muskip20
\c@smartand=\count363
)
Package biblatex Info: Trying to load bibliography style 'numeric'...
Package biblatex Info: ... file 'numeric.bbx' found.
 ("C:\Users\alw\AppData\Local\Programs\MiKTeX 2.9\tex/latex/biblatex/bbx\numeric.bbx"
File: numeric.bbx 2019/12/01 v3.14 biblatex bibliography style (PK/MW)
Package biblatex Info: Trying to load bibliography style 'standard'...
Package biblatex Info: ... file 'standard.bbx' found.
 ("C:\Users\alw\AppData\Local\Programs\MiKTeX 2.9\tex/latex/biblatex/bbx\standard.bbx"
File: standard.bbx 2019/12/01 v3.14 biblatex bibliography style (PK/MW)
\c@bbx:relatedcount=\count364
\c@bbx:relatedtotal=\count365
))
Package biblatex Info: Trying to load citation style 'numeric'...
Package biblatex Info: ... file 'numeric.cbx' found.
 ("C:\Users\alw\AppData\Local\Programs\MiKTeX 2.9\tex/latex/biblatex/cbx\numeric.cbx"
File: numeric.cbx 2019/12/01 v3.14 biblatex citation style (PK/MW)
Package biblatex Info: Redefining '\cite'.
Package biblatex Info: Redefining '\parencite'.
Package biblatex Info: Redefining '\footcite'.
Package biblatex Info: Redefining '\footcitetext'.
Package biblatex Info: Redefining '\smartcite'.
Package biblatex Info: Redefining '\supercite'.
Package biblatex Info: Redefining '\textcite'.
Package biblatex Info: Redefining '\textcites'.
Package biblatex Info: Redefining '\cites'.
Package biblatex Info: Redefining '\parencites'.
Package biblatex Info: Redefining '\smartcites'.
)
Package biblatex Info: Trying to load configuration file...
Package biblatex Info: ... file 'biblatex.cfg' found.
 ("C:\Users\alw\AppData\Local\Programs\MiKTeX 2.9\tex/latex/biblatex\biblatex.cfg"
File: biblatex.cfg 
)) ("C:\Users\alw\AppData\Local\Programs\MiKTeX 2.9\tex/latex/parskip\parskip.sty"
Package: parskip 2020-01-22 v2.0d non-zero parskip adjustments
) ("C:\Users\alw\AppData\Local\Programs\MiKTeX 2.9\tex/latex/listings\listings.sty"
\lst@mode=\count366
\lst@gtempboxa=\box45
\lst@token=\toks16
\lst@length=\count367
\lst@currlwidth=\dimen137
\lst@column=\count368
\lst@pos=\count369
\lst@lostspace=\dimen138
\lst@width=\dimen139
\lst@newlines=\count370
\lst@lineno=\count371
\lst@maxwidth=\dimen140
 ("C:\Users\alw\AppData\Local\Programs\MiKTeX 2.9\tex/latex/listings\lstmisc.sty"
File: lstmisc.sty 2020/03/24 1.8d (Carsten Heinz)
\c@lstnumber=\count372
\lst@skipnumbers=\count373
\lst@framebox=\box46
) ("C:\Users\alw\AppData\Local\Programs\MiKTeX 2.9\tex/latex/listings\listings.cfg"
File: listings.cfg 2020/03/24 1.8d listings configuration
))
Package: listings 2020/03/24 1.8d (Carsten Heinz)
 ("C:\Users\alw\AppData\Local\Programs\MiKTeX 2.9\tex/latex/pdfpages\pdfpages.sty"
Package: pdfpages 2020/01/28 v0.5q Insert pages of external PDF documents (AM)
 ("C:\Users\alw\AppData\Local\Programs\MiKTeX 2.9\tex/latex/tools\calc.sty"
Package: calc 2017/05/25 v4.3 Infix arithmetic (KKT,FJ)
\calc@Acount=\count374
\calc@Bcount=\count375
\calc@Adimen=\dimen141
\calc@Bdimen=\dimen142
\calc@Askip=\skip71
\calc@Bskip=\skip72
LaTeX Info: Redefining \setlength on input line 80.
LaTeX Info: Redefining \addtolength on input line 81.
\calc@Ccount=\count376
\calc@Cskip=\skip73
) ("C:\Users\alw\AppData\Local\Programs\MiKTeX 2.9\tex/latex/eso-pic\eso-pic.sty"
Package: eso-pic 2018/04/12 v2.0h eso-pic (RN)
 ("C:\Users\alw\AppData\Local\Programs\MiKTeX 2.9\tex/generic/atbegshi\atbegshi.sty"
Package: atbegshi 2019/12/05 v1.19 At begin shipout hook (HO)
) ("C:\Users\alw\AppData\Local\Programs\MiKTeX 2.9\tex/latex/xcolor\xcolor.sty"
Package: xcolor 2016/05/11 v2.12 LaTeX color extensions (UK)
 ("C:\Users\alw\AppData\Local\Programs\MiKTeX 2.9\tex/latex/graphics-cfg\color.cfg"
File: color.cfg 2016/01/02 v1.6 sample color configuration
)
Package xcolor Info: Driver file: pdftex.def on input line 225.
Package xcolor Info: Model `cmy' substituted by `cmy0' on input line 1348.
Package xcolor Info: Model `hsb' substituted by `rgb' on input line 1352.
Package xcolor Info: Model `RGB' extended on input line 1364.
Package xcolor Info: Model `HTML' substituted by `rgb' on input line 1366.
Package xcolor Info: Model `Hsb' substituted by `hsb' on input line 1367.
Package xcolor Info: Model `tHsb' substituted by `hsb' on input line 1368.
Package xcolor Info: Model `HSB' substituted by `hsb' on input line 1369.
Package xcolor Info: Model `Gray' substituted by `gray' on input line 1370.
Package xcolor Info: Model `wave' substituted by `hsb' on input line 1371.
))
\AM@pagewidth=\dimen143
\AM@pageheight=\dimen144
 ("C:\Users\alw\AppData\Local\Programs\MiKTeX 2.9\tex/latex/pdfpages\pppdftex.def"
File: pppdftex.def 2020/01/28 v0.5q Pdfpages driver for pdfTeX (AM)
)
\AM@pagebox=\box47
\AM@global@opts=\toks17
\AM@pagecnt=\count377
\AM@toc@title=\toks18
\c@AM@survey=\count378
\AM@templatesizebox=\box48
) ("C:\Users\alw\AppData\Local\Programs\MiKTeX 2.9\tex/latex/graphics\rotating.sty"
Package: rotating 2016/08/11 v2.16d rotated objects in LaTeX
\c@r@tfl@t=\count379
\rotFPtop=\skip74
\rotFPbot=\skip75
\rot@float@box=\box49
\rot@mess@toks=\toks19
) ("C:\Users\alw\AppData\Local\Programs\MiKTeX 2.9\tex/latex/pdflscape\pdflscape.sty"
Package: pdflscape 2019/12/05 v0.12 Display of landscape pages in PDF (HO)
 ("C:\Users\alw\AppData\Local\Programs\MiKTeX 2.9\tex/latex/graphics\lscape.sty"
Package: lscape 2000/10/22 v3.01 Landscape Pages (DPC)
)
Package pdflscape Info: Auto-detected driver: pdftex on input line 81.
) ("C:\Users\alw\AppData\Local\Programs\MiKTeX 2.9\tex/latex/amsmath\amsmath.sty"
Package: amsmath 2020/01/20 v2.17e AMS math features
\@mathmargin=\skip76

For additional information on amsmath, use the `?' option.
("C:\Users\alw\AppData\Local\Programs\MiKTeX 2.9\tex/latex/amsmath\amstext.sty"
Package: amstext 2000/06/29 v2.01 AMS text
 ("C:\Users\alw\AppData\Local\Programs\MiKTeX 2.9\tex/latex/amsmath\amsgen.sty"
File: amsgen.sty 1999/11/30 v2.0 generic functions
\@emptytoks=\toks20
\ex@=\dimen145
)) ("C:\Users\alw\AppData\Local\Programs\MiKTeX 2.9\tex/latex/amsmath\amsbsy.sty"
Package: amsbsy 1999/11/29 v1.2d Bold Symbols
\pmbraise@=\dimen146
) ("C:\Users\alw\AppData\Local\Programs\MiKTeX 2.9\tex/latex/amsmath\amsopn.sty"
Package: amsopn 2016/03/08 v2.02 operator names
)
\inf@bad=\count380
LaTeX Info: Redefining \frac on input line 227.
\uproot@=\count381
\leftroot@=\count382
LaTeX Info: Redefining \overline on input line 389.
\classnum@=\count383
\DOTSCASE@=\count384
LaTeX Info: Redefining \ldots on input line 486.
LaTeX Info: Redefining \dots on input line 489.
LaTeX Info: Redefining \cdots on input line 610.
\Mathstrutbox@=\box50
\strutbox@=\box51
\big@size=\dimen147
LaTeX Font Info:    Redeclaring font encoding OML on input line 733.
LaTeX Font Info:    Redeclaring font encoding OMS on input line 734.
\macc@depth=\count385
\c@MaxMatrixCols=\count386
\dotsspace@=\muskip21
\c@parentequation=\count387
\dspbrk@lvl=\count388
\tag@help=\toks21
\row@=\count389
\column@=\count390
\maxfields@=\count391
\andhelp@=\toks22
\eqnshift@=\dimen148
\alignsep@=\dimen149
\tagshift@=\dimen150
\tagwidth@=\dimen151
\totwidth@=\dimen152
\lineht@=\dimen153
\@envbody=\toks23
\multlinegap=\skip77
\multlinetaggap=\skip78
\mathdisplay@stack=\toks24
LaTeX Info: Redefining \[ on input line 2859.
LaTeX Info: Redefining \] on input line 2860.
) ("C:\Users\alw\AppData\Local\Programs\MiKTeX 2.9\tex/latex/caption\subcaption.sty"
Package: subcaption 2020/01/22 v1.3d Sub-captions (AR)
 ("C:\Users\alw\AppData\Local\Programs\MiKTeX 2.9\tex/latex/caption\caption.sty"
Package: caption 2020/01/03 v3.4h Customizing captions (AR)
 ("C:\Users\alw\AppData\Local\Programs\MiKTeX 2.9\tex/latex/caption\caption3.sty"
Package: caption3 2020/01/03 v1.8h caption3 kernel (AR)
Package caption3 Info: TeX engine: e-TeX on input line 61.
\captionmargin=\dimen154
\captionmargin@=\dimen155
\captionwidth=\dimen156
\caption@tempdima=\dimen157
\caption@indent=\dimen158
\caption@parindent=\dimen159
\caption@hangindent=\dimen160
Package caption Info: Standard document class detected.
)
\c@caption@flags=\count392
\c@continuedfloat=\count393
Package caption Info: listings package is loaded.
Package caption Info: rotating package is loaded.
)
\c@subfigure=\count394
\c@subtable=\count395
)
\@quotelevel=\count396
\@quotereset=\count397
 ("C:\Users\alw\AppData\Local\Programs\MiKTeX 2.9\tex/latex/l3backend\l3backend-pdfmode.def"
File: l3backend-pdfmode.def 2020-03-12 L3 backend support: PDF mode
\l__kernel_color_stack_int=\count398
\l__pdf_internal_box=\box52
) ("e:/Work\ELEC40006\documents\Latex files\Completed\Report\ProjectGuidelines.aux"

LaTeX Warning: Label `fig:sub1' multiply defined.


LaTeX Warning: Label `sub@fig:sub1' multiply defined.


LaTeX Warning: Label `fig:sub2' multiply defined.


LaTeX Warning: Label `sub@fig:sub2' multiply defined.


LaTeX Warning: Label `fig:test' multiply defined.


LaTeX Warning: Label `fig:sub1' multiply defined.


LaTeX Warning: Label `sub@fig:sub1' multiply defined.


LaTeX Warning: Label `fig:sub2' multiply defined.


LaTeX Warning: Label `sub@fig:sub2' multiply defined.


LaTeX Warning: Label `fig:test' multiply defined.


LaTeX Warning: Label `fig:sub1' multiply defined.


LaTeX Warning: Label `sub@fig:sub1' multiply defined.


LaTeX Warning: Label `fig:sub2' multiply defined.


LaTeX Warning: Label `sub@fig:sub2' multiply defined.


LaTeX Warning: Label `fig:test' multiply defined.

)
\openout1 = `ProjectGuidelines.aux'.

LaTeX Font Info:    Checking defaults for OML/cmm/m/it on input line 21.
LaTeX Font Info:    ... okay on input line 21.
LaTeX Font Info:    Checking defaults for OMS/cmsy/m/n on input line 21.
LaTeX Font Info:    ... okay on input line 21.
LaTeX Font Info:    Checking defaults for OT1/cmr/m/n on input line 21.
LaTeX Font Info:    ... okay on input line 21.
LaTeX Font Info:    Checking defaults for T1/cmr/m/n on input line 21.
LaTeX Font Info:    ... okay on input line 21.
LaTeX Font Info:    Checking defaults for TS1/cmr/m/n on input line 21.
LaTeX Font Info:    ... okay on input line 21.
LaTeX Font Info:    Checking defaults for OMX/cmex/m/n on input line 21.
LaTeX Font Info:    ... okay on input line 21.
LaTeX Font Info:    Checking defaults for U/cmr/m/n on input line 21.
LaTeX Font Info:    ... okay on input line 21.
 ("C:\Users\alw\AppData\Local\Programs\MiKTeX 2.9\tex/context/base/mkii\supp-pdf.mkii"
[Loading MPS to PDF converter (version 2006.09.02).]
\scratchcounter=\count399
\scratchdimen=\dimen161
\scratchbox=\box53
\nofMPsegments=\count400
\nofMParguments=\count401
\everyMPshowfont=\toks25
\MPscratchCnt=\count402
\MPscratchDim=\dimen162
\MPnumerator=\count403
\makeMPintoPDFobject=\count404
\everyMPtoPDFconversion=\toks26
) ("C:\Users\alw\AppData\Local\Programs\MiKTeX 2.9\tex/latex/epstopdf-pkg\epstopdf-base.sty"
Package: epstopdf-base 2020-01-24 v2.11 Base part for package epstopdf
Package epstopdf-base Info: Redefining graphics rule for `.eps' on input line 485.
)
Package biblatex Info: Trying to load language 'english'...
Package biblatex Info: ... file 'english.lbx' found.
 ("C:\Users\alw\AppData\Local\Programs\MiKTeX 2.9\tex/latex/biblatex/lbx\english.lbx"
File: english.lbx 2019/12/01 v3.14 biblatex localization (PK/MW)
)
Package biblatex Info: Input encoding 'utf8' detected.
Package biblatex Info: Automatic encoding selection.
(biblatex)             Assuming data encoding 'utf8'.
\openout3 = `ProjectGuidelines.bcf'.

Package biblatex Info: Trying to load bibliographic data...
Package biblatex Info: ... file 'ProjectGuidelines.bbl' found.
 ("e:/Work\ELEC40006\documents\Latex files\Completed\Report\ProjectGuidelines.bbl")
Package biblatex Info: Reference section=0 on input line 21.
Package biblatex Info: Reference segment=0 on input line 21.
\c@lstlisting=\count405
\AtBeginShipoutBox=\box54
Package caption Info: Begin \AtBeginDocument code.
Package caption Info: End \AtBeginDocument code.
<./Images/Logo.jpg, id=1, 1746.525pt x 632.3625pt>
File: ./Images/Logo.jpg Graphic file (type jpg)
<use ./Images/Logo.jpg>
Package pdftex.def Info: ./Images/Logo.jpg  used on input line 25.
(pdftex.def)             Requested size: 113.81102pt x 41.20149pt.

Underfull \hbox (badness 10000) in paragraph at lines 25--26

 []

[1

{C:/Users/alw/AppData/Local/MiKTeX/2.9/pdftex/config/pdftex.map} <./Images/Logo.jpg>] ("e:/Work\ELEC40006\documents\Latex files\Completed\Report\ProjectGuidelines.toc" [1])
\tf@toc=\write4
\openout4 = `ProjectGuidelines.toc'.

 [2] [3] [4] [5]
<./Images/Timeline.PNG, id=29, 364.9635pt x 382.42876pt>
File: ./Images/Timeline.PNG Graphic file (type png)
<use ./Images/Timeline.PNG>
Package pdftex.def Info: ./Images/Timeline.PNG  used on input line 124.
(pdftex.def)             Requested size: 364.9626pt x 382.42781pt.
 [6 <./Images/Timeline.PNG>] [7] [8] [9] [10] [11]
Overfull \hbox (7.24042pt too wide) in paragraph at lines 277--280
[]\OT1/cmr/m/n/12 The OOP ap-proach al-lows the pro-gram de-sign to be rapidly and cost-effectively
 []

[12] [13] [14]
<./Images/Flow chart.PNG, id=64, 583.17876pt x 422.57875pt>
File: ./Images/Flow chart.PNG Graphic file (type png)
<use ./Images/Flow chart.PNG>
Package pdftex.def Info: ./Images/Flow chart.PNG  used on input line 350.
(pdftex.def)             Requested size: 291.58867pt x 211.28885pt.
 [15 <./Images/Flow chart.PNG>] [16]
<./Images/circuit.PNG, id=73, 258.9675pt x 492.84125pt>
File: ./Images/circuit.PNG Graphic file (type png)
<use ./Images/circuit.PNG>
Package pdftex.def Info: ./Images/circuit.PNG  used on input line 390.
(pdftex.def)             Requested size: 129.48341pt x 246.42001pt.
 [17 <./Images/circuit.PNG>]
<./Images/capacitor.PNG, id=78, 266.1945pt x 230.0595pt>
File: ./Images/capacitor.PNG Graphic file (type png)
<use ./Images/capacitor.PNG>
Package pdftex.def Info: ./Images/capacitor.PNG  used on input line 418.
(pdftex.def)             Requested size: 239.57283pt x 207.05162pt.
<./Images/inductor.PNG, id=79, 266.79675pt x 234.8775pt>
File: ./Images/inductor.PNG Graphic file (type png)
<use ./Images/inductor.PNG>
Package pdftex.def Info: ./Images/inductor.PNG  used on input line 424.
(pdftex.def)             Requested size: 240.11484pt x 211.38779pt.
 [18] [19 <./Images/capacitor.PNG> <./Images/inductor.PNG>]
<./Images/simulate.PNG, id=90, 332.24126pt x 684.5575pt>
File: ./Images/simulate.PNG Graphic file (type png)
<use ./Images/simulate.PNG>
Package pdftex.def Info: ./Images/simulate.PNG  used on input line 434.
(pdftex.def)             Requested size: 166.12021pt x 342.27791pt.
 [20 <./Images/simulate.PNG>] [21] [22] [23]
<./Images/Integration.PNG, id=104, 244.5135pt x 183.68625pt>
File: ./Images/Integration.PNG Graphic file (type png)
<use ./Images/Integration.PNG>
Package pdftex.def Info: ./Images/Integration.PNG  used on input line 504.
(pdftex.def)             Requested size: 244.5129pt x 183.68578pt.


LaTeX Warning: `!h' float specifier changed to `!ht'.

[24] [25 <./Images/Integration.PNG>] [26]
<./Images/diode_model.PNG, id=117, 181.27725pt x 87.32625pt>
File: ./Images/diode_model.PNG Graphic file (type png)
<use ./Images/diode_model.PNG>
Package pdftex.def Info: ./Images/diode_model.PNG  used on input line 561.
(pdftex.def)             Requested size: 181.27681pt x 87.32603pt.
<./Images/Newton_Raphson.png, id=118, 543.02875pt x 965.6075pt>
File: ./Images/Newton_Raphson.png Graphic file (type png)
<use ./Images/Newton_Raphson.png>
Package pdftex.def Info: ./Images/Newton_Raphson.png  used on input line 580.
(pdftex.def)             Requested size: 271.5137pt x 482.80257pt.
 [27 <./Images/diode_model.PNG>] [28 <./Images/Newton_Raphson.png>]
<./Images/E.png, id=127, 266.79675pt x 68.05424pt>
File: ./Images/E.png Graphic file (type png)
<use ./Images/E.png>
Package pdftex.def Info: ./Images/E.png  used on input line 589.
(pdftex.def)             Requested size: 266.79608pt x 68.05406pt.
<./Images/E_diagram.PNG, id=128, 113.82526pt x 73.4745pt>
File: ./Images/E_diagram.PNG Graphic file (type png)
<use ./Images/E_diagram.PNG>
Package pdftex.def Info: ./Images/E_diagram.PNG  used on input line 600.
(pdftex.def)             Requested size: 91.06032pt x 58.77966pt.
<./Images/E_matrices.PNG, id=129, 215.00325pt x 67.452pt>
File: ./Images/E_matrices.PNG Graphic file (type png)
<use ./Images/E_matrices.PNG>
Package pdftex.def Info: ./Images/E_matrices.PNG  used on input line 606.
(pdftex.def)             Requested size: 195.0pt x 61.17659pt.
<./Images/G.png, id=130, 263.7855pt x 69.25874pt>
File: ./Images/G.png Graphic file (type png)
<use ./Images/G.png>
Package pdftex.def Info: ./Images/G.png  used on input line 618.
(pdftex.def)             Requested size: 263.78485pt x 69.25856pt.
<./Images/G_diagram.PNG, id=131, 119.2455pt x 70.46326pt>
File: ./Images/G_diagram.PNG Graphic file (type png)
<use ./Images/G_diagram.PNG>
Package pdftex.def Info: ./Images/G_diagram.PNG  used on input line 627.
(pdftex.def)             Requested size: 95.39651pt x 56.37067pt.
<./Images/G_matrices.PNG, id=132, 205.36725pt x 67.452pt>
File: ./Images/G_matrices.PNG Graphic file (type png)
<use ./Images/G_matrices.PNG>
Package pdftex.def Info: ./Images/G_matrices.PNG  used on input line 633.
(pdftex.def)             Requested size: 195.0pt x 64.04918pt.


LaTeX Warning: `!h' float specifier changed to `!ht'.

[29 <./Images/E.png> <./Images/E_diagram.PNG> <./Images/E_matrices.PNG> <./Images/G.png>]
<./Images/H.png, id=141, 259.56975pt x 66.84975pt>
File: ./Images/H.png Graphic file (type png)
<use ./Images/H.png>
Package pdftex.def Info: ./Images/H.png  used on input line 645.
(pdftex.def)             Requested size: 259.5691pt x 66.84956pt.
<./Images/H_diagram.PNG, id=142, 125.268pt x 69.861pt>
File: ./Images/H_diagram.PNG Graphic file (type png)
<use ./Images/H_diagram.PNG>
Package pdftex.def Info: ./Images/H_diagram.PNG  used on input line 657.
(pdftex.def)             Requested size: 100.21452pt x 55.88885pt.
<./Images/H_matrices.PNG, id=143, 234.27525pt x 80.09924pt>
File: ./Images/H_matrices.PNG Graphic file (type png)
<use ./Images/H_matrices.PNG>
Package pdftex.def Info: ./Images/H_matrices.PNG  used on input line 663.
(pdftex.def)             Requested size: 195.0pt x 66.673pt.
 [30 <./Images/G_diagram.PNG> <./Images/G_matrices.PNG> <./Images/H.png> <./Images/H_diagram.PNG> <./Images/H_matrices.PNG>]
<./Images/F.png, id=153, 258.36525pt x 65.043pt>
File: ./Images/F.png Graphic file (type png)
<use ./Images/F.png>
Package pdftex.def Info: ./Images/F.png  used on input line 675.
(pdftex.def)             Requested size: 258.36461pt x 65.04283pt.
<./Images/F_diagram.PNG, id=154, 124.66576pt x 76.48575pt>
File: ./Images/F_diagram.PNG Graphic file (type png)
<use ./Images/F_diagram.PNG>
Package pdftex.def Info: ./Images/F_diagram.PNG  used on input line 684.
(pdftex.def)             Requested size: 99.73273pt x 61.18866pt.
<./Images/F_matrices.PNG, id=155, 204.765pt x 66.2475pt>
File: ./Images/F_matrices.PNG Graphic file (type png)
<use ./Images/F_matrices.PNG>
Package pdftex.def Info: ./Images/F_matrices.PNG  used on input line 690.
(pdftex.def)             Requested size: 195.0pt x 63.09245pt.
 [31 <./Images/F.png> <./Images/F_diagram.PNG> <./Images/F_matrices.PNG>] [32]
<./Images/Adam.PNG, id=165, 497.4585pt x 228.855pt>
File: ./Images/Adam.PNG Graphic file (type png)
<use ./Images/Adam.PNG>
Package pdftex.def Info: ./Images/Adam.PNG  used on input line 732.
(pdftex.def)             Requested size: 248.72864pt x 114.42722pt.
<./Images/Brandon.PNG, id=166, 490.83376pt x 222.8325pt>
File: ./Images/Brandon.PNG Graphic file (type png)
<use ./Images/Brandon.PNG>
Package pdftex.def Info: ./Images/Brandon.PNG  used on input line 737.
(pdftex.def)             Requested size: 245.41628pt x 111.41597pt.
<./Images/Xin.PNG, id=167, 404.712pt x 177.0615pt>
File: ./Images/Xin.PNG Graphic file (type png)
<use ./Images/Xin.PNG>
Package pdftex.def Info: ./Images/Xin.PNG  used on input line 742.
(pdftex.def)             Requested size: 303.53325pt x 132.79578pt.
 [33 <./Images/Adam.PNG> <./Images/Brandon.PNG> <./Images/Xin.PNG>]
<./Images/Project Gnatt.PNG, id=174, 1739.49875pt x 475.7775pt>
File: ./Images/Project Gnatt.PNG Graphic file (type png)
<use ./Images/Project Gnatt.PNG>
Package pdftex.def Info: ./Images/Project Gnatt.PNG  used on input line 751.
(pdftex.def)             Requested size: 592.0pt x 161.92192pt.
 [34

 <./Images/Project Gnatt.PNG (PNG copy)>] [35

] ("e:/Work\ELEC40006\documents\Latex files\Completed\Report\ProjectGuidelines.aux")

LaTeX Warning: There were multiply-defined labels.

Package logreq Info: Writing requests to 'ProjectGuidelines.run.xml'.
\openout1 = `ProjectGuidelines.run.xml'.

 ) 
Here is how much of TeX's memory you used:
 13243 strings out of 480930
 232532 string characters out of 2900700
 864117 words of memory out of 3000000
 28959 multiletter control sequences out of 15000+200000
 539834 words of font info for 50 fonts, out of 3000000 for 9000
 1141 hyphenation exceptions out of 8191
 48i,10n,61p,885b,1416s stack positions out of 5000i,500n,10000p,200000b,50000s
 <C:\Users\alw\AppData\Local\MiKTeX\2.9\fonts/pk/ljfour/jknappen/ec/dpi600\tcrm1200.pk><C:/Users/alw/AppData/Local/Programs/MiKTeX 2.9/fonts/type1/public/amsfonts/cm/cmbx12.pfb><C:/Users/alw/AppData/Local/Programs/MiKTeX 2.9/fonts/type1/public/amsfonts/cm/cmbxti10.pfb><C:/Users/alw/AppData/Local/Programs/MiKTeX 2.9/fonts/type1/public/amsfonts/cm/cmcsc10.pfb><C:/Users/alw/AppData/Local/Programs/MiKTeX 2.9/fonts/type1/public/amsfonts/cm/cmex10.pfb><C:/Users/alw/AppData/Local/Programs/MiKTeX 2.9/fonts/type1/public/amsfonts/cm/cmmi12.pfb><C:/Users/alw/AppData/Local/Programs/MiKTeX 2.9/fonts/type1/public/amsfonts/cm/cmmi6.pfb><C:/Users/alw/AppData/Local/Programs/MiKTeX 2.9/fonts/type1/public/amsfonts/cm/cmmi8.pfb><C:/Users/alw/AppData/Local/Programs/MiKTeX 2.9/fonts/type1/public/amsfonts/cm/cmr10.pfb><C:/Users/alw/AppData/Local/Programs/MiKTeX 2.9/fonts/type1/public/amsfonts/cm/cmr12.pfb><C:/Users/alw/AppData/Local/Programs/MiKTeX 2.9/fonts/type1/public/amsfonts/cm/cmr7.pfb><C:/Users/alw/AppData/Local/Programs/MiKTeX 2.9/fonts/type1/public/amsfonts/cm/cmr8.pfb><C:/Users/alw/AppData/Local/Programs/MiKTeX 2.9/fonts/type1/public/amsfonts/cm/cmsy10.pfb><C:/Users/alw/AppData/Local/Programs/MiKTeX 2.9/fonts/type1/public/amsfonts/cm/cmsy8.pfb><C:/Users/alw/AppData/Local/Programs/MiKTeX 2.9/fonts/type1/public/amsfonts/cm/cmti12.pfb><C:/Users/alw/AppData/Local/Programs/MiKTeX 2.9/fonts/type1/public/amsfonts/cm/cmtt12.pfb>
Output written on "e:/Work\ELEC40006\documents\Latex files\Completed\Report\ProjectGuidelines.pdf" (36 pages, 681830 bytes).
PDF statistics:
 234 PDF objects out of 1000 (max. 8388607)
 0 named destinations out of 1000 (max. 500000)
 131 words of extra memory for PDF output out of 10000 (max. 10000000)

